<?xml version="1.0" encoding="UTF-8"?>
<!-- Generated by org.testng.reporters.JUnitXMLReporter -->
<testsuite ignored="0" hostname="LAPTOP-O92HRG1H" failures="0" tests="9" name="Suite" time="0.05" errors="0" timestamp="2022-02-20T22:40:01 IST">
  <testcase classname="com.jep.TestExample7" name="scenario1" time="0.006"/>
  <testcase classname="com.jep.TestExample5" name="scenario1" time="0.006"/>
  <testcase classname="com.jep.TestExample8" name="scenario1" time="0.006"/>
  <testcase classname="com.jep.TestExample5" name="scenario2" time="0.0"/>
  <testcase classname="com.jep.TestExample8" name="scenario2" time="0.002"/>
  <testcase classname="com.jep.TestExample7" name="scenario2" time="0.002"/>
  <testcase classname="com.jep.TestExample5" name="scenario3" time="0.0"/>
  <testcase classname="com.jep.TestExample8" name="scenario3" time="0.002"/>
  <testcase classname="com.jep.TestExample7" name="scenario3" time="0.001"/>
</testsuite> <!-- Suite -->
