<?xml version="1.0" encoding="UTF-8"?>
<!-- Generated by org.testng.reporters.JUnitXMLReporter -->
<testsuite ignored="0" hostname="LAPTOP-O92HRG1H" failures="0" tests="9" name="Test" time="0.057" errors="0" timestamp="2022-02-20T22:36:08 IST">
  <testcase classname="com.jep.TestExample7" name="scenario1" time="0.007"/>
  <testcase classname="com.jep.TestExample8" name="scenario1" time="0.007"/>
  <testcase classname="com.jep.TestExample7" name="scenario2" time="0.001"/>
  <testcase classname="com.jep.TestExample8" name="scenario2" time="0.001"/>
  <testcase classname="com.jep.TestExample7" name="scenario3" time="0.001"/>
  <testcase classname="com.jep.TestExample8" name="scenario3" time="0.001"/>
  <testcase classname="com.jep.TestExample5" name="scenario1" time="0.001"/>
  <testcase classname="com.jep.TestExample5" name="scenario2" time="0.001"/>
  <testcase classname="com.jep.TestExample5" name="scenario3" time="0.001"/>
</testsuite> <!-- Test -->
