<?xml version="1.0" encoding="UTF-8"?>
<testsuite xmlns:xsi="http://www.w3.org/2001/XMLSchema-instance" xsi:noNamespaceSchemaLocation="https://maven.apache.org/surefire/maven-surefire-plugin/xsd/surefire-test-report.xsd" name="TestSuite" time="0.541" tests="28" errors="0" skipped="26" failures="2">
  <properties>
[...]
</properties>
  <testcase name="test1" classname="com.jep.TestExample2" time="0.339">
    <failure message="&#10;Parameter &apos;QA1_Config&apos; is required by BeforeSuite on method test1 but has not been marked @Optional or defined&#10;" type="org.testng.TestNGException">org.testng.TestNGException: 

Parameter 'QA1_Config' is required by BeforeSuite on method test1 but has not been marked @Optional or defined

</failure>
  </testcase>
  <testcase name="test2" classname="com.jep.TestExample2" time="0">
    <skipped/>
  </testcase>
  <testcase name="show" classname="com.jep.TestExample1" time="0">
    <skipped message="&#10;Parameter &apos;QA1_Config&apos; is required by BeforeSuite on method test1 but has not been marked @Optional or defined&#10;"/>
  </testcase>
  <testcase name="test1" classname="com.jep.TestExample1" time="0">
    <skipped message="&#10;Parameter &apos;QA1_Config&apos; is required by BeforeSuite on method test1 but has not been marked @Optional or defined&#10;"/>
  </testcase>
  <testcase name="test2" classname="com.jep.TestExample1" time="0">
    <skipped message="&#10;Parameter &apos;QA1_Config&apos; is required by BeforeSuite on method test1 but has not been marked @Optional or defined&#10;"/>
  </testcase>
  <testcase name="test3" classname="com.jep.TestExample2" time="0">
    <skipped/>
  </testcase>
  <testcase name="test4" classname="com.jep.TestExample2" time="0">
    <skipped/>
  </testcase>
  <testcase name="test4" classname="com.jep.TestExample2" time="0">
    <skipped/>
  </testcase>
  <testcase name="test5" classname="com.jep.TestExample2" time="0">
    <skipped message="&#10;Parameter &apos;QA1_Config&apos; is required by BeforeSuite on method test1 but has not been marked @Optional or defined&#10;"/>
  </testcase>
  <testcase name="test7" classname="com.jep.TestExample2" time="0">
    <skipped/>
  </testcase>
  <testcase name="test7" classname="com.jep.TestExample2" time="0">
    <skipped/>
  </testcase>
  <testcase name="test6" classname="com.jep.TestExample2" time="0">
    <skipped message="&#10;Parameter &apos;QA1_Config&apos; is required by BeforeSuite on method test1 but has not been marked @Optional or defined&#10;"/>
  </testcase>
  <testcase name="test8" classname="com.jep.TestExample2" time="0">
    <skipped/>
  </testcase>
  <testcase name="scenario" classname="com.jep.TestExample3" time="0">
    <skipped message="&#10;Parameter &apos;QA1_Config&apos; is required by BeforeSuite on method test1 but has not been marked @Optional or defined&#10;"/>
  </testcase>
  <testcase name="scenario" classname="com.jep.TestExample3" time="0">
    <skipped message="&#10;Parameter &apos;QA1_Config&apos; is required by BeforeSuite on method test1 but has not been marked @Optional or defined&#10;"/>
  </testcase>
  <testcase name="show" classname="com.jep.TestExample4" time="0">
    <skipped message="&#10;Parameter &apos;QA1_Config&apos; is required by BeforeSuite on method test1 but has not been marked @Optional or defined&#10;"/>
  </testcase>
  <testcase name="test1" classname="com.jep.TestExample4" time="0.01">
    <failure message="&#10;Parameter &apos;QA1_Config&apos; is required by @Test on method test1 but has not been marked @Optional or defined&#10;" type="org.testng.TestNGException">org.testng.TestNGException: 

Parameter 'QA1_Config' is required by @Test on method test1 but has not been marked @Optional or defined

</failure>
    <system-err><![CDATA[[Utils] [ERROR] [Error] org.testng.TestNGException: 
Parameter &apos;QA1_Config&apos; is required by @Test on method test1 but has not been marked @Optional or defined

	at org.testng.internal.Parameters.createParams(Parameters.java:272)
	at org.testng.internal.Parameters.createParametersForMethod(Parameters.java:360)
	at org.testng.internal.Parameters.createParameters(Parameters.java:704)
	at org.testng.internal.Parameters.handleParameters(Parameters.java:879)
	at org.testng.internal.Parameters.handleParameters(Parameters.java:744)
	at org.testng.internal.ParameterHandler.handleParameters(ParameterHandler.java:59)
	at org.testng.internal.ParameterHandler.createParameters(ParameterHandler.java:38)
	at org.testng.internal.TestInvoker$MethodInvocationAgent.invoke(TestInvoker.java:783)
	at org.testng.internal.TestInvoker.invokeTestMethods(TestInvoker.java:146)
	at org.testng.internal.TestMethodWorker.invokeTestMethods(TestMethodWorker.java:146)
	at org.testng.internal.TestMethodWorker.run(TestMethodWorker.java:128)
	at java.base/java.util.ArrayList.forEach(ArrayList.java:1507)
	at org.testng.TestRunner.privateRun(TestRunner.java:766)
	at org.testng.TestRunner.run(TestRunner.java:587)
	at org.testng.SuiteRunner.runTest(SuiteRunner.java:384)
	at org.testng.SuiteRunner.runSequentially(SuiteRunner.java:378)
	at org.testng.SuiteRunner.privateRun(SuiteRunner.java:337)
	at org.testng.SuiteRunner.run(SuiteRunner.java:286)
	at org.testng.SuiteRunnerWorker.runSuite(SuiteRunnerWorker.java:53)
	at org.testng.SuiteRunnerWorker.run(SuiteRunnerWorker.java:96)
	at org.testng.TestNG.runSuitesSequentially(TestNG.java:1187)
	at org.testng.TestNG.runSuitesLocally(TestNG.java:1109)
	at org.testng.TestNG.runSuites(TestNG.java:1039)
	at org.testng.TestNG.run(TestNG.java:1007)
	at org.apache.maven.surefire.testng.TestNGExecutor.run(TestNGExecutor.java:135)
	at org.apache.maven.surefire.testng.TestNGDirectoryTestSuite.executeMulti(TestNGDirectoryTestSuite.java:193)
	at org.apache.maven.surefire.testng.TestNGDirectoryTestSuite.execute(TestNGDirectoryTestSuite.java:94)
	at org.apache.maven.surefire.testng.TestNGProvider.invoke(TestNGProvider.java:146)
	at org.apache.maven.surefire.booter.ForkedBooter.invokeProviderInSameClassLoader(ForkedBooter.java:384)
	at org.apache.maven.surefire.booter.ForkedBooter.runSuitesInProcess(ForkedBooter.java:345)
	at org.apache.maven.surefire.booter.ForkedBooter.execute(ForkedBooter.java:126)
	at org.apache.maven.surefire.booter.ForkedBooter.main(ForkedBooter.java:418)

]]></system-err>
  </testcase>
  <testcase name="test2" classname="com.jep.TestExample4" time="0">
    <skipped message="&#10;Parameter &apos;QA1_Config&apos; is required by BeforeSuite on method test1 but has not been marked @Optional or defined&#10;"/>
  </testcase>
  <testcase name="scenario1" classname="com.jep.TestExample5" time="0">
    <skipped message="&#10;Parameter &apos;QA1_Config&apos; is required by BeforeSuite on method test1 but has not been marked @Optional or defined&#10;"/>
  </testcase>
  <testcase name="scenario2" classname="com.jep.TestExample5" time="0">
    <skipped message="&#10;Parameter &apos;QA1_Config&apos; is required by BeforeSuite on method test1 but has not been marked @Optional or defined&#10;"/>
  </testcase>
  <testcase name="scenario3" classname="com.jep.TestExample5" time="0">
    <skipped message="&#10;Parameter &apos;QA1_Config&apos; is required by BeforeSuite on method test1 but has not been marked @Optional or defined&#10;"/>
  </testcase>
  <testcase name="scenario3" classname="com.jep.TestExample5" time="0">
    <skipped message="&#10;Parameter &apos;QA1_Config&apos; is required by BeforeSuite on method test1 but has not been marked @Optional or defined&#10;"/>
  </testcase>
  <testcase name="scenario3" classname="com.jep.TestExample5" time="0">
    <skipped message="&#10;Parameter &apos;QA1_Config&apos; is required by BeforeSuite on method test1 but has not been marked @Optional or defined&#10;"/>
  </testcase>
  <testcase name="scenario3" classname="com.jep.TestExample5" time="0">
    <skipped message="&#10;Parameter &apos;QA1_Config&apos; is required by BeforeSuite on method test1 but has not been marked @Optional or defined&#10;"/>
  </testcase>
  <testcase name="setup" classname="com.jep.TestExample6" time="0">
    <skipped/>
  </testcase>
  <testcase name="test1" classname="com.jep.TestExample6" time="0">
    <skipped message="&#10;Parameter &apos;QA1_Config&apos; is required by BeforeSuite on method test1 but has not been marked @Optional or defined&#10;"/>
  </testcase>
  <testcase name="test9" classname="com.jep.TestExample2" time="0">
    <skipped/>
  </testcase>
  <testcase name="test10" classname="com.jep.TestExample2" time="0">
    <skipped/>
  </testcase>
</testsuite>